<?xml version="1.0" encoding="UTF-8"?>
<!-- Generated by org.testng.reporters.JUnitXMLReporter -->
<testsuite ignored="0" hostname="DESKTOP-VHCOGMC" failures="0" tests="3" name="Landing Page Test Folder" time="11.103" errors="0" timestamp="2024-01-20T15:03:24 IST">
  <testcase classname="com.jaz.tests.LandingPageTests" name="assertTitle" time="0.79"/>
  <testcase classname="com.jaz.tests.LandingPageTests" name="invalidCredTest" time="1.58"/>
  <testcase classname="com.jaz.tests.LandingPageTests" name="validCredTest" time="2.106"/>
</testsuite> <!-- Landing Page Test Folder -->
