<?xml version="1.0" encoding="UTF-8"?>
<!-- Generated by org.testng.reporters.JUnitXMLReporter -->
<testsuite ignored="0" hostname="DESKTOP-VHCOGMC" failures="0" tests="3" name="Command line test" time="12.47" errors="0" timestamp="2024-01-20T12:11:25 IST">
  <testcase classname="com.jaz.tests.LandingPageTests" name="assertTitle" time="0.269"/>
  <testcase classname="com.jaz.tests.LandingPageTests" name="invalidCredTest" time="0.691"/>
  <testcase classname="com.jaz.tests.LandingPageTests" name="validCredTest" time="2.149"/>
</testsuite> <!-- Command line test -->
